<?xml version="1.0" encoding="UTF-8"?>
<testng-results ignored="0" total="1" passed="1" failed="0" skipped="0">
  <reporter-output>
  </reporter-output>
  <suite started-at="2022-06-22T17:33:34 IST" name="Default suite" finished-at="2022-06-22T17:33:34 IST" duration-ms="49">
    <groups>
    </groups>
    <test started-at="2022-06-22T17:33:34 IST" name="Default test" finished-at="2022-06-22T17:33:34 IST" duration-ms="49">
      <class name="com.example.AdditionTest">
        <test-method signature="addTest()[pri:0, instance:com.example.AdditionTest@574b560f]" started-at="2022-06-22T17:33:34 IST" name="addTest" finished-at="2022-06-22T17:33:34 IST" duration-ms="11" status="PASS">
          <reporter-output>
          </reporter-output>
        </test-method> <!-- addTest -->
      </class> <!-- com.example.AdditionTest -->
    </test> <!-- Default test -->
  </suite> <!-- Default suite -->
</testng-results>
